[2025-01-09T03:56:34.427Z] GET /otp 200 | - bytes - 3.538 ms
[2025-01-09T04:44:22.628Z] OPTIONS /otp 204 | 0 bytes - 0.854 ms
[2025-01-09T04:45:19.529Z] OPTIONS /otp 204 | 0 bytes - 1.057 ms
[2025-01-09T04:45:19.657Z] POST /otp 200 | - bytes - 116.832 ms
[2025-01-09T04:46:42.966Z] POST /verifyOtp - | - bytes - - ms
[2025-01-09T04:47:07.155Z] POST /verifyOtp - | - bytes - - ms
[2025-01-09T12:35:33.793Z] OPTIONS /otp 204 | 0 bytes - 1.880 ms
[2025-01-09T12:36:51.598Z] OPTIONS /otp 204 | 0 bytes - 1.254 ms
[2025-01-09T12:36:52.152Z] POST /otp 200 | - bytes - 539.613 ms
[2025-01-09T12:45:52.570Z] POST /verifyOtp 200 | - bytes - 824.280 ms
[2025-01-09T12:46:17.050Z] OPTIONS /otp 204 | 0 bytes - 0.799 ms
[2025-01-09T12:46:17.335Z] POST /otp 200 | - bytes - 274.325 ms
[2025-01-09T12:46:29.573Z] POST /verifyOtp 200 | - bytes - 246.966 ms
[2025-01-09T12:50:41.760Z] OPTIONS /otp 204 | 0 bytes - 3.869 ms
[2025-01-09T12:50:44.559Z] POST /otp 200 | - bytes - 2790.698 ms
[2025-01-09T12:50:53.819Z] OPTIONS /otp 204 | 0 bytes - 0.995 ms
[2025-01-09T12:50:53.884Z] POST /otp 200 | - bytes - 61.799 ms
[2025-01-09T12:51:14.185Z] OPTIONS /otp 204 | 0 bytes - 0.268 ms
[2025-01-09T12:51:14.693Z] POST /otp 200 | - bytes - 506.156 ms
[2025-01-09T13:47:14.739Z] OPTIONS /otp 204 | 0 bytes - 0.723 ms
[2025-01-09T13:47:15.540Z] POST /otp 200 | - bytes - 798.581 ms
[2025-01-09T14:15:30.623Z] GET /proses/sto 404 | 33 bytes - 20.001 ms
[2025-01-09T14:15:35.126Z] GET /proses/sto 404 | 33 bytes - 6.370 ms
[2025-01-09T14:15:38.386Z] GET /proses/sto 404 | 33 bytes - 5.336 ms
[2025-01-09T14:19:32.950Z] GET /proses/sto 404 | 33 bytes - 14.318 ms
[2025-01-09T14:19:34.867Z] GET /proses/sto 404 | 33 bytes - 1.391 ms
[2025-01-09T14:19:37.529Z] GET /proses/sto 404 | 33 bytes - 2.112 ms
[2025-01-09T14:23:05.105Z] GET /proses/sto 404 | 33 bytes - 4.056 ms
[2025-01-09T14:24:04.242Z] GET /proses/sto 404 | 33 bytes - 2.449 ms
[2025-01-09T14:25:43.882Z] GET /proses/sto 404 | 33 bytes - 3.980 ms
[2025-01-09T14:39:13.041Z] GET /proses/sto 404 | 33 bytes - 10.893 ms
[2025-01-09T14:39:56.026Z] GET /proses/sto 404 | 33 bytes - 2.132 ms
[2025-01-09T14:50:23.672Z] GET /proses/sto 404 | 33 bytes - 20.435 ms
[2025-01-09T14:50:32.615Z] GET /proses/sto 404 | 33 bytes - 3.205 ms
[2025-01-09T14:50:39.633Z] GET /proses/sto 404 | 33 bytes - 2.576 ms
[2025-01-09T14:50:58.619Z] GET /proses/sto 404 | 33 bytes - 2.120 ms
[2025-01-09T14:51:03.002Z] GET /proses/sto 404 | 33 bytes - 2.032 ms
[2025-01-09T14:51:35.829Z] GET /proses/sto 404 | 33 bytes - 4.561 ms
[2025-01-09T14:53:00.235Z] GET /proses/sto 404 | 33 bytes - 2.769 ms
[2025-01-09T14:53:05.365Z] GET /proses/sto 404 | 33 bytes - 2.486 ms
[2025-01-09T14:53:10.874Z] GET /proses/sto 404 | 33 bytes - 2.419 ms
[2025-01-09T14:53:27.081Z] GET /proses/sto 404 | 33 bytes - 3.691 ms
[2025-01-09T14:56:36.315Z] GET /proses/sto 404 | 33 bytes - 2.537 ms
[2025-01-09T14:56:41.203Z] GET /proses/sto 404 | 33 bytes - 3.253 ms
[2025-01-09T14:57:23.189Z] GET /proses/sto 404 | 33 bytes - 9.187 ms
[2025-01-09T14:57:58.781Z] GET /proses/sto 404 | 33 bytes - 1.770 ms
[2025-01-09T14:58:04.330Z] GET /proses/sto 404 | 33 bytes - 4.248 ms
[2025-01-09T14:58:59.650Z] GET /proses/sto 404 | 33 bytes - 57.924 ms
[2025-01-09T15:01:27.218Z] GET /proses/sto 404 | 33 bytes - 1.969 ms
[2025-01-09T15:01:30.952Z] GET /proses/sto 404 | 33 bytes - 8.660 ms
[2025-01-09T15:01:34.609Z] GET /proses/sto 404 | 33 bytes - 1.303 ms
[2025-01-09T15:01:38.433Z] GET /proses/sto 404 | 33 bytes - 3.140 ms
[2025-01-09T15:01:45.149Z] GET /proses/sto 404 | 33 bytes - 2.095 ms
[2025-01-09T15:03:29.300Z] GET /proses/sto 404 | 33 bytes - 2.081 ms
[2025-01-09T15:03:46.112Z] GET /proses/sto 404 | 33 bytes - 1.500 ms
[2025-01-09T15:03:47.844Z] GET /proses/sto 404 | 33 bytes - 2.822 ms
[2025-01-09T15:04:04.176Z] GET /proses/sto 404 | 33 bytes - 2.073 ms
[2025-01-09T15:04:13.902Z] GET /proses/sto 404 | 33 bytes - 6.566 ms
[2025-01-09T15:04:52.920Z] GET /proses/sto 404 | 33 bytes - 11.458 ms
[2025-01-09T15:04:55.199Z] GET /proses/sto 404 | 33 bytes - 1.866 ms
[2025-01-09T15:05:00.446Z] GET /proses/sto 404 | 33 bytes - 13.504 ms
[2025-01-09T15:06:53.381Z] GET /proses/sto 404 | 33 bytes - 3.131 ms
[2025-01-09T15:06:58.916Z] GET /proses/sto 404 | 33 bytes - 2.139 ms
[2025-01-09T15:33:35.748Z] GET /proses/sto 404 | 33 bytes - 19.013 ms
[2025-01-09T15:33:39.636Z] GET /proses/sto 404 | 33 bytes - 3.237 ms
[2025-01-09T15:33:44.056Z] GET /proses/sto 404 | 33 bytes - 10.301 ms
[2025-01-09T15:33:47.859Z] GET /proses/sto 404 | 33 bytes - 10.533 ms
[2025-01-09T15:33:52.154Z] GET /proses/sto 404 | 33 bytes - 11.977 ms
[2025-01-09T15:33:56.367Z] GET /proses/sto 404 | 33 bytes - 5.432 ms
[2025-01-09T15:34:00.376Z] GET /proses/sto 404 | 33 bytes - 6.098 ms
[2025-01-09T15:34:04.286Z] GET /proses/sto 404 | 33 bytes - 6.763 ms
[2025-01-09T15:34:08.500Z] GET /proses/sto 404 | 33 bytes - 9.020 ms
[2025-01-09T15:43:13.369Z] GET /proses/sto 404 | 33 bytes - 7.118 ms
[2025-01-09T15:45:33.769Z] GET /proses/sto 404 | 33 bytes - 10.297 ms
[2025-01-09T15:49:13.688Z] GET /proses/sto 404 | 33 bytes - 11.340 ms
[2025-01-09T15:49:25.469Z] GET /proses/sto 404 | 33 bytes - 2.814 ms
[2025-01-09T15:49:45.984Z] GET /proses/sto 404 | 33 bytes - 7.932 ms
[2025-01-09T15:49:57.098Z] GET /proses/sto 404 | 33 bytes - 3.706 ms
[2025-01-09T16:01:05.474Z] OPTIONS /user/login 204 | 0 bytes - 9.731 ms
[2025-01-09T16:02:41.266Z] OPTIONS /user/login 204 | 0 bytes - 2.266 ms
[2025-01-09T16:02:41.752Z] POST /user/login 404 | 28 bytes - 483.068 ms
[2025-01-09T16:02:45.040Z] GET /proses/sto 404 | 33 bytes - 2.772 ms
[2025-01-09T16:02:50.830Z] OPTIONS /user/login 204 | 0 bytes - 0.574 ms
[2025-01-09T16:02:50.910Z] POST /user/login 404 | 28 bytes - 76.397 ms
[2025-01-09T16:04:31.174Z] GET /proses/sto 404 | 33 bytes - 5.345 ms
[2025-01-09T16:08:02.697Z] OPTIONS /user/login 204 | 0 bytes - 1.934 ms
[2025-01-09T16:08:02.984Z] POST /user/login 404 | 28 bytes - 284.325 ms
[2025-01-09T16:08:24.656Z] GET /proses/sto 404 | 33 bytes - 12.861 ms
[2025-01-09T16:08:31.620Z] OPTIONS /user/login 204 | 0 bytes - 0.442 ms
[2025-01-09T16:08:31.832Z] POST /user/login 404 | 28 bytes - 210.316 ms
[2025-01-09T16:08:39.152Z] OPTIONS /user/login 204 | 0 bytes - 0.129 ms
[2025-01-09T16:08:39.194Z] POST /user/login 404 | 28 bytes - 40.262 ms
[2025-01-09T16:15:01.640Z] GET /proses/sto 404 | 33 bytes - 7.446 ms
[2025-01-09T16:16:05.549Z] GET /proses/sto 404 | 33 bytes - 4.147 ms
[2025-01-09T16:18:47.787Z] GET /proses/sto 404 | 33 bytes - 7.591 ms
[2025-01-09T16:19:05.401Z] GET /proses/sto 404 | 33 bytes - 3.334 ms
[2025-01-09T16:21:00.752Z] GET /proses/sto 404 | 33 bytes - 3.051 ms
[2025-01-09T16:21:18.668Z] GET /proses/sto 404 | 33 bytes - 8.267 ms
[2025-01-09T16:22:08.238Z] GET /proses/sto 404 | 33 bytes - 3.625 ms
[2025-01-09T16:23:02.999Z] GET /proses/sto 404 | 33 bytes - 3.931 ms
[2025-01-09T16:23:09.824Z] GET /proses/sto 404 | 33 bytes - 3.310 ms
[2025-01-09T16:26:30.033Z] GET /proses/sto 404 | 33 bytes - 4.526 ms
[2025-01-09T16:28:31.878Z] GET /proses/sto 404 | 33 bytes - 15.058 ms
[2025-01-09T16:30:50.118Z] GET /proses/sto 404 | 33 bytes - 3.138 ms
[2025-01-09T16:31:08.544Z] GET /proses/sto 404 | 33 bytes - 3.169 ms
[2025-01-09T16:31:47.859Z] GET /proses/sto 404 | 33 bytes - 4.007 ms
[2025-01-10T00:52:56.944Z] GET /proses/sto 404 | 33 bytes - 9.074 ms
[2025-01-10T01:15:25.229Z] GET /proses/sto 404 | 33 bytes - 8.674 ms
[2025-01-10T01:16:23.492Z] GET /proses/sto 404 | 33 bytes - 4.181 ms
